<!DOCTYPE html PUBLIC "-//W3C//DTD XHTML 1.1//EN" "http://www.w3.org/TR/xhtml11/DTD/xhtml11.dtd">
<html xmlns="http://www.w3.org/1999/xhtml">
<head>
<meta http-equiv="content-type" content="text/html; charset=UTF-8"/>
<title>TestNG Report</title>
<style type="text/css">table {margin-bottom:10px;border-collapse:collapse;empty-cells:show}th,td {border:1px solid #009;padding:.25em .5em}th {vertical-align:bottom}td {vertical-align:top}table a {font-weight:bold}.stripe td {background-color: #E6EBF9}.num {text-align:right}.passedodd td {background-color: #3F3}.passedeven td {background-color: #0A0}.skippedodd td {background-color: #DDD}.skippedeven td {background-color: #CCC}.failedodd td,.attn {background-color: #F33}.failedeven td,.stripe .attn {background-color: #D00}.stacktrace {white-space:pre;font-family:monospace}.totop {font-size:85%;text-align:center;border-bottom:2px solid #000}.invisible {display:none}</style>
</head>
<body>
<table>
<tr><th>Test</th><th># Passed</th><th># Skipped</th><th># Failed</th><th>Time (ms)</th><th>Included Groups</th><th>Excluded Groups</th></tr>
<tr><th colspan="7">SmokeTestSuite</th></tr>
<tr><td><a href="#t0">PositiveLogInTest</a></td><td class="num">1</td><td class="num">0</td><td class="num">0</td><td class="num">12,637</td><td></td><td></td></tr>
<tr class="stripe"><td><a href="#t1">AlertsTests</a></td><td class="num">1</td><td class="num">0</td><td class="num attn">2</td><td class="num">32,022</td><td></td><td></td></tr>
<tr><td><a href="#t2">UploadTests</a></td><td class="num">3</td><td class="num">0</td><td class="num">0</td><td class="num">23,464</td><td></td><td></td></tr>
<tr><th>Total</th><th class="num">5</th><th class="num">0</th><th class="num attn">2</th><th class="num">68,123</th><th colspan="2"></th></tr>
</table>
<table id='summary'><thead><tr><th>Class</th><th>Method</th><th>Start</th><th>Time (ms)</th></tr></thead><tbody><tr><th colspan="4">SmokeTestSuite</th></tr></tbody><tbody id="t0"><tr><th colspan="4">PositiveLogInTest &#8212; passed</th></tr><tr class="passedeven"><td rowspan="1">com.herokuapp.theinternet.loginpagetests.PositiveLogInTests</td><td><a href="#m0">logInTest</a></td><td rowspan="1">1673404045100</td><td rowspan="1">3239</td></tr></tbody>
<tbody id="t1"><tr><th colspan="4">AlertsTests &#8212; failed</th></tr><tr class="failedeven"><td rowspan="2">com.herokuapp.theinternet.alertstests.AlertsTests</td><td><a href="#m1">jsAlertTest</a></td><td rowspan="1">1673404055085</td><td rowspan="1">3477</td></tr><tr class="failedeven"><td><a href="#m2">jsPromptTest</a></td><td rowspan="1">1673404075829</td><td rowspan="1">4549</td></tr><tr><th colspan="4">AlertsTests &#8212; passed</th></tr><tr class="passedeven"><td rowspan="1">com.herokuapp.theinternet.alertstests.AlertsTests</td><td><a href="#m3">jsDismissTest</a></td><td rowspan="1">1673404065046</td><td rowspan="1">3715</td></tr></tbody>
<tbody id="t2"><tr><th colspan="4">UploadTests &#8212; passed</th></tr><tr class="passedeven"><td rowspan="3">com.herokuapp.theinternet.uploadtests.UploadTests</td><td><a href="#m4">fileUploadTest</a></td><td rowspan="3">1673404086982</td><td rowspan="3">1524</td></tr><tr class="passedeven"><td><a href="#m5">fileUploadTest</a></td></tr><tr class="passedeven"><td><a href="#m6">fileUploadTest</a></td></tr></tbody>
</table>
<h2>PositiveLogInTest</h2><h3 id="m0">com.herokuapp.theinternet.loginpagetests.PositiveLogInTests#logInTest</h3><table class="result"><tr><th class="invisible"/></tr></table><p class="totop"><a href="#summary">back to summary</a></p>
<h2>AlertsTests</h2><h3 id="m1">com.herokuapp.theinternet.alertstests.AlertsTests#jsAlertTest</h3><table class="result"><tr><th>Exception</th></tr><tr><td><div class="stacktrace">java.lang.AssertionError: The following asserts failed:
	result is not expected. 
Should be &apos;You successfuly clicked an alert&apos;, but it is &apos;You successfully clicked an alert&apos; expected [true] but found [false]
	at com.herokuapp.theinternet.alertstests.AlertsTests.jsAlertTest(AlertsTests.java:44)
... Removed 30 stack frames</div></td></tr></table><p class="totop"><a href="#summary">back to summary</a></p>
<h3 id="m2">com.herokuapp.theinternet.alertstests.AlertsTests#jsPromptTest</h3><table class="result"><tr><th>Exception</th></tr><tr><td><div class="stacktrace">java.lang.AssertionError: The following asserts failed:
	Alert message is not expected. 
Should be &apos;I am a JS prompt&apos;, but it is &apos;I am a JS prompt[FAIL]&apos; expected [true] but found [false],
	result is not expected. 
Should be &apos;You entered: Hello Alert, its Dmitry here&apos;, but it is &apos;You entered: Hello Alert, it&apos;s Dmitry here[FAIL]&apos; expected [true] but found [false]
	at com.herokuapp.theinternet.alertstests.AlertsTests.jsPromptTest(AlertsTests.java:113)
... Removed 30 stack frames</div></td></tr></table><p class="totop"><a href="#summary">back to summary</a></p>
<h3 id="m3">com.herokuapp.theinternet.alertstests.AlertsTests#jsDismissTest</h3><table class="result"><tr><th class="invisible"/></tr></table><p class="totop"><a href="#summary">back to summary</a></p>
<h2>UploadTests</h2><h3 id="m4">com.herokuapp.theinternet.uploadtests.UploadTests#fileUploadTest</h3><table class="result"><tr class="param"><th>Parameter #1</th><th>Parameter #2</th></tr><tr class="param stripe"><td>1</td><td>index.html</td></tr></table><p class="totop"><a href="#summary">back to summary</a></p>
<h3 id="m5">com.herokuapp.theinternet.uploadtests.UploadTests#fileUploadTest</h3><table class="result"><tr class="param"><th>Parameter #1</th><th>Parameter #2</th></tr><tr class="param stripe"><td>2</td><td>logo.png</td></tr></table><p class="totop"><a href="#summary">back to summary</a></p>
<h3 id="m6">com.herokuapp.theinternet.uploadtests.UploadTests#fileUploadTest</h3><table class="result"><tr class="param"><th>Parameter #1</th><th>Parameter #2</th></tr><tr class="param stripe"><td>3</td><td>text.txt</td></tr></table><p class="totop"><a href="#summary">back to summary</a></p>
</body>
</html>
